\BOOKMARK [0][-]{chapter.1}{\376\377\226\217\147\072\123\330\221\317\000\050\000R\000a\000n\000d\000o\000m\000\040\000V\000a\000r\000i\000a\000b\000l\000e\000,\000\040\000R\000V\000\051}{}% 1
\BOOKMARK [1][-]{section.1.1}{\376\377\217\336\176\355\000\050\000C\000o\000n\000t\000i\000n\000u\000o\000u\000s\000\051\142\026\171\273\145\143\000\050\000D\000i\000s\000c\000r\000e\000t\000e\000\051}{chapter.1}% 2
\BOOKMARK [1][-]{section.1.2}{\376\377\122\006\136\003\116\313\176\315\000\040\000W\000h\000a\000t\000\040\000i\000s\000\040\000D\000i\000s\000t\000r\000i\000b\000u\000t\000i\000o\000n}{chapter.1}% 3
\BOOKMARK [1][-]{section.1.3}{\376\377\147\037\147\033\000\050\000M\000e\000a\000n\000\051}{chapter.1}% 4
\BOOKMARK [1][-]{section.1.4}{\376\377\145\271\135\356\000\050\000V\000a\000r\000i\000a\000n\000c\000e\000\051\116\016\150\007\121\306\135\356\000\050\000S\000t\000a\000n\000d\000a\000r\000d\000\040\000D\000e\000v\000i\000a\000t\000i\000o\000n\000\051}{chapter.1}% 5
\BOOKMARK [1][-]{section.1.5}{\376\377\000M\000a\000r\000k\000o\000v\116\015\173\111\137\017\000\050\000M\000a\000r\000k\000o\000v\000'\000s\000\040\000I\000n\000e\000q\000u\000a\000l\000i\000t\000y\000\051}{chapter.1}% 6
\BOOKMARK [1][-]{section.1.6}{\376\377\000C\000h\000e\000b\000y\000s\000h\000e\000v\116\015\173\111\137\017\000\050\000C\000h\000e\000b\000y\000s\000h\000e\000v\000'\000s\000\040\000I\000n\000e\000q\000u\000a\000l\000i\000t\000y\000\051}{chapter.1}% 7
\BOOKMARK [1][-]{section.1.7}{\376\377\117\235\151\202\163\207\145\066\145\133\000\050\000C\000o\000n\000v\000e\000r\000g\000e\000n\000c\000e\000\040\000i\000n\000\040\000P\000r\000o\000b\000a\000b\000i\000l\000i\000t\000y\000\051}{chapter.1}% 8
\BOOKMARK [1][-]{section.1.8}{\376\377\121\340\116\116\137\305\161\066\145\066\145\133\000\050\000A\000l\000m\000o\000s\000t\000\040\000S\000u\000r\000e\000\040\000C\000o\000n\000v\000e\000r\000g\000e\000n\000c\000e\000\051}{chapter.1}% 9
\BOOKMARK [0][-]{chapter.2}{\376\377\122\006\136\003\000\050\000D\000i\000s\000t\000r\000i\000b\000u\000t\000i\000o\000n\000\051}{}% 10
\BOOKMARK [1][-]{section.2.1}{\376\377\151\202\163\207\215\050\221\317\121\375\145\160\000\050\000P\000r\000o\000b\000a\000b\000i\000l\000i\000t\000y\000\040\000M\000a\000s\000s\000\040\000F\000u\000n\000c\000t\000i\000o\000n\000,\000\040\000P\000M\000F\000\051\124\214\151\202\163\207\133\306\136\246\121\375\145\160\000\050\000P\000r\000o\000b\000a\000b\000i\000l\000i\000t\000y\000\040\000D\000e\000n\000s\000i\000t\000y\000\040\000F\000u\000n\000c\000t\000i\000o\000n\000,\000\040\000P\000D\000F\000\051}{chapter.2}% 11
\BOOKMARK [1][-]{section.2.2}{\376\377\175\057\213\241\122\006\136\003\121\375\145\160\000\050\000C\000u\000m\000u\000l\000a\000t\000i\000v\000e\000\040\000D\000i\000s\000t\000r\000i\000b\000u\000t\000i\000o\000n\000\040\000F\000u\000n\000c\000t\000i\000o\000n\000,\000\040\000C\000D\000F\000\051}{chapter.2}% 12
\BOOKMARK [1][-]{section.2.3}{\376\377\122\006\117\115\145\160\000\050\000Q\000u\000a\000n\000t\000i\000l\000e\000\051}{chapter.2}% 13
\BOOKMARK [1][-]{section.2.4}{\376\377\162\171\137\201\121\375\145\160\000\050\000C\000h\000a\000r\000a\000c\000t\000e\000r\000i\000s\000t\000i\000c\000\040\000F\000u\000n\000c\000t\000i\000o\000n\000\051}{chapter.2}% 14
\BOOKMARK [1][-]{section.2.5}{\376\377\136\070\211\301\122\006\136\003\000\040\000C\000o\000m\000m\000o\000n\000\040\000D\000i\000s\000t\000r\000i\000b\000u\000t\000i\000o\000n\000s}{chapter.2}% 15
\BOOKMARK [1][-]{section.2.6}{\376\377\116\272\220\040\166\204\122\006\136\003\000\040\000A\000r\000t\000i\000f\000i\000c\000i\000a\000l\000\040\000D\000i\000s\000t\000r\000i\000b\000u\000t\000i\000o\000n\000s}{chapter.2}% 16
\BOOKMARK [2][-]{subsection.2.6.1}{\376\377\123\141\145\271\122\006\136\003\000\050\000C\000h\000i\000-\000S\000q\000u\000a\000r\000e\000\040\000D\000i\000s\000t\000r\000i\000b\000u\000t\000i\000o\000n\000\051}{section.2.6}% 17
\BOOKMARK [2][-]{subsection.2.6.2}{\376\377\133\146\165\037\000T\122\006\136\003\000\050\000S\000t\000u\000d\000e\000n\000t\000\040\000T\000\040\000D\000i\000s\000t\000r\000i\000b\000u\000t\000i\000o\000n\000\051}{section.2.6}% 18
\BOOKMARK [2][-]{subsection.2.6.3}{\376\377\000F\122\006\136\003\000\050\000F\000\040\000D\000i\000s\000t\000r\000i\000b\000u\000t\000i\000o\000n\000\051}{section.2.6}% 19
\BOOKMARK [1][-]{section.2.7}{\376\377\122\006\136\003\145\317\000\040\000D\000i\000s\000t\000r\000i\000b\000u\000t\000i\000o\000n\000\040\000F\000a\000m\000i\000l\000y}{chapter.2}% 20
\BOOKMARK [2][-]{subsection.2.7.1}{\376\377\143\007\145\160\127\213\122\006\136\003\145\317\000\040\000E\000x\000p\000o\000n\000e\000n\000t\000i\000a\000l\000\040\000F\000a\000m\000i\000l\000y}{section.2.7}% 21
\BOOKMARK [2][-]{subsection.2.7.2}{\376\377\000P\000i\000t\000m\000a\000n\000-\000K\000o\000o\000p\000m\000a\000n\133\232\164\006}{section.2.7}% 22
\BOOKMARK [0][-]{chapter.3}{\376\377\150\067\147\054\000\050\000S\000a\000m\000p\000l\000e\000\051\116\016\140\073\117\123\000\050\000P\000o\000p\000u\000l\000a\000t\000i\000o\000n\000\051}{}% 23
\BOOKMARK [1][-]{section.3.1}{\376\377\140\073\117\123\124\214\150\067\147\054\166\204\145\160\133\146\176\323\147\204\000\040\000M\000a\000t\000h\000e\000m\000a\000t\000i\000c\000a\000l\000\040\000S\000t\000r\000u\000c\000t\000u\000r\000e\000\040\000o\000f\000\040\000P\000o\000p\000u\000l\000a\000t\000i\000o\000n\000\040\000a\000n\000d\000\040\000S\000a\000m\000p\000l\000e}{chapter.3}% 24
\BOOKMARK [1][-]{section.3.2}{\376\377\137\227\122\060\147\011\145\110\166\204\150\067\147\054\000\040\000O\000b\000t\000a\000i\000n\000i\000n\000g\000\040\000V\000a\000l\000i\000d\000\040\000S\000a\000m\000p\000l\000e}{chapter.3}% 25
\BOOKMARK [1][-]{section.3.3}{\376\377\176\337\213\241\221\317\124\214\117\060\213\241\221\317\000\040\000S\000t\000a\000t\000i\000s\000t\000i\000c\000s\000\040\000a\000n\000d\000\040\000E\000s\000t\000i\000m\000a\000t\000o\000r\000s}{chapter.3}% 26
\BOOKMARK [2][-]{subsection.3.3.1}{\376\377\153\041\136\217\176\337\213\241\221\317\000\050\000O\000r\000d\000e\000r\000\040\000S\000t\000a\000t\000i\000s\000t\000i\000c\000s\000\051}{section.3.3}% 27
\BOOKMARK [2][-]{subsection.3.3.2}{\376\377\150\067\147\054\147\201\120\074\000\050\000S\000a\000m\000p\000l\000e\000\040\000E\000x\000t\000r\000e\000m\000u\000m\000\051}{section.3.3}% 28
\BOOKMARK [2][-]{subsection.3.3.3}{\376\377\150\067\147\054\147\201\135\356\000\050\000S\000a\000m\000p\000l\000e\000\040\000R\000a\000n\000g\000e\000\051}{section.3.3}% 29
\BOOKMARK [2][-]{subsection.3.3.4}{\376\377\150\067\147\054\116\055\117\115\145\160\000\050\000S\000a\000m\000p\000l\000e\000\040\000M\000e\000d\000i\000a\000n\000\051}{section.3.3}% 30
\BOOKMARK [2][-]{subsection.3.3.5}{\376\377\150\067\147\054\000p\122\006\117\115\145\160\000\050\000S\000a\000m\000p\000l\000e\000\040\000p\000t\000h\000\040\000Q\000u\000a\000n\000t\000i\000l\000e\000\051}{section.3.3}% 31
\BOOKMARK [1][-]{section.3.4}{\376\377\150\067\147\054\122\006\136\003\000\040\000S\000a\000m\000p\000l\000e\000\040\000D\000i\000s\000t\000r\000i\000b\000u\000t\000i\000o\000n}{chapter.3}% 32
\BOOKMARK [2][-]{subsection.3.4.1}{\376\377\200\124\124\010\122\006\136\003\000\050\000J\000o\000i\000n\000t\000\040\000D\000i\000s\000t\000r\000i\000b\000u\000t\000i\000o\000n\000\051}{section.3.4}% 33
\BOOKMARK [2][-]{subsection.3.4.2}{\376\377\176\317\232\214\122\006\136\003\000\050\000E\000m\000p\000i\000r\000i\000c\000a\000l\000\040\000D\000i\000s\000t\000r\000i\000b\000u\000t\000i\000o\000n\000\051}{section.3.4}% 34
\BOOKMARK [1][-]{section.3.5}{\376\377\142\275\150\067\122\006\136\003\000\050\000S\000a\000m\000p\000l\000i\000n\000g\000\040\000D\000i\000s\000t\000r\000i\000b\000u\000t\000i\000o\000n\000\051}{chapter.3}% 35
\BOOKMARK [2][-]{subsection.3.5.1}{\376\377\174\276\170\156\122\006\136\003\000\050\000E\000x\000a\000c\000t\000\040\000D\000i\000s\000t\000r\000i\000b\000u\000t\000i\000o\000n\000\051}{section.3.5}% 36
\BOOKMARK [2][-]{subsection.3.5.2}{\376\377\156\020\217\333\122\006\136\003\000\050\000A\000s\000y\000m\000p\000t\000o\000t\000i\000c\000\040\000D\000i\000s\000t\000r\000i\000b\000u\000t\000i\000o\000n\000\051}{section.3.5}% 37
\BOOKMARK [2][-]{subsection.3.5.3}{\376\377\217\321\117\074\122\006\136\003\000\050\000A\000p\000p\000r\000o\000x\000i\000m\000a\000t\000e\000\040\000D\000i\000s\000t\000r\000i\000b\000u\000t\000i\000o\000n\000\051}{section.3.5}% 38
\BOOKMARK [1][-]{section.3.6}{\376\377\121\105\122\006\176\337\213\241\221\317\000\050\000S\000u\000f\000f\000i\000c\000i\000e\000n\000t\000\040\000S\000t\000a\000t\000i\000s\000t\000i\000c\000s\000\051}{chapter.3}% 39
\BOOKMARK [2][-]{subsection.3.6.1}{\376\377\121\105\122\006\176\337\213\241\221\317\166\204\140\047\215\050}{section.3.6}% 40
\BOOKMARK [1][-]{section.3.7}{\376\377\126\340\133\120\122\006\211\343\133\232\164\006\000\040\000F\000a\000c\000t\000o\000r\000i\000z\000a\000t\000i\000o\000n\000\040\000T\000h\000e\000o\000r\000e\000m}{chapter.3}% 41
\BOOKMARK [0][-]{chapter.4}{\376\377\160\271\117\060\213\241\000\040\000P\000o\000i\000n\000t\000w\000i\000s\000e\000\040\000E\000s\000t\000i\000m\000a\000t\000e}{}% 42
\BOOKMARK [1][-]{section.4.1}{\376\377\117\060\213\241\145\271\154\325\000\040\000E\000s\000t\000i\000m\000a\000t\000i\000o\000n\000\040\000M\000e\000t\000h\000o\000d\000s}{chapter.4}% 43
\BOOKMARK [2][-]{subsection.4.1.1}{\376\377\167\351\117\060\213\241\000\040\000M\000e\000t\000h\000o\000d\000\040\000o\000f\000\040\000M\000a\000t\000c\000h\000i\000n\000g\000\040\000M\000o\000m\000e\000n\000t\000s}{section.4.1}% 44
\BOOKMARK [2][-]{subsection.4.1.2}{\376\377\147\000\131\047\117\074\161\066\117\060\213\241\000\040\000M\000a\000x\000i\000m\000u\000m\000\040\000L\000i\000k\000e\000l\000i\000h\000o\000o\000d\000\040\000E\000s\000t\000i\000m\000a\000t\000i\000o\000n\000,\000\040\000M\000L\000E}{section.4.1}% 45
\BOOKMARK [2][-]{subsection.4.1.3}{\376\377\117\060\213\241\221\317\166\204\116\015\123\330\140\047\000\040\000I\000n\000v\000a\000r\000i\000a\000n\000c\000e\000\040\000o\000f\000\040\000S\000t\000a\000t\000i\000s\000t\000i\000c\000s}{section.4.1}% 46
\BOOKMARK [1][-]{section.4.2}{\376\377\160\271\117\060\213\241\166\204\213\304\116\367\150\007\121\306\000\040\000C\000r\000i\000t\000e\000r\000i\000a\000\040\000a\000b\000o\000u\000t\000\040\000P\000o\000i\000n\000t\000w\000i\000s\000e\000\040\000E\000s\000t\000i\000m\000a\000t\000e}{chapter.4}% 47
\BOOKMARK [2][-]{subsection.4.2.1}{\376\377\131\047\150\067\147\054\213\304\116\367\150\007\121\306\000\040\000C\000r\000i\000t\000e\000r\000i\000a\000\040\000f\000o\000r\000\040\000L\000a\000r\000g\000e\000\040\000S\000a\000m\000p\000l\000e\000s}{section.4.2}% 48
\BOOKMARK [2][-]{subsection.4.2.2}{\376\377\134\017\150\067\147\054\213\304\116\367\150\007\121\306\000\040\000C\000r\000i\000t\000e\000r\000i\000a\000\040\000f\000o\000r\000\040\000S\000m\000a\000l\000l\000\040\000S\000a\000m\000p\000l\000e\000s}{section.4.2}% 49
\BOOKMARK [1][-]{section.4.3}{\376\377\147\000\134\017\145\271\135\356\145\340\120\117\117\060\213\241\000\050\000M\000i\000n\000i\000m\000u\000m\000\040\000V\000a\000r\000i\000a\000n\000c\000e\000\040\000U\000n\000b\000i\000a\000s\000e\000d\000\040\000E\000s\000t\000i\000m\000a\000t\000o\000r\000,\000\040\000M\000V\000U\000E\000\051}{chapter.4}% 50
\BOOKMARK [2][-]{subsection.4.3.1}{\376\377\000C\000r\000a\000m\000\351\000r\000-\000R\000a\000o\116\015\173\111\137\017\000\050\000C\000r\000a\000m\000\351\000r\000-\000R\000a\000o\000\040\000I\000n\000e\000q\000u\000a\000l\000i\000t\000y\000\051}{section.4.3}% 51
\BOOKMARK [2][-]{subsection.4.3.2}{\376\377\226\366\166\204\145\340\120\117\117\060\213\241\154\325\000\040\000U\000n\000b\000i\000a\000s\000e\000d\000\040\000E\000s\000t\000i\000m\000a\000t\000o\000r\000\040\000o\000f\000\040\000Z\000e\000r\000o}{section.4.3}% 52
\BOOKMARK [1][-]{section.4.4}{\376\377\116\000\202\054\226\217\147\072\150\067\147\054\117\060\213\241\221\317\000\040\000E\000s\000t\000i\000m\000a\000t\000o\000r\000s\000\040\000o\000f\000\040\000G\000e\000n\000e\000r\000a\000l\000\040\000R\000a\000n\000d\000o\000m\000\040\000S\000a\000m\000p\000l\000e}{chapter.4}% 53
\BOOKMARK [1][-]{section.4.5}{\376\377\153\143\140\001\226\217\147\072\150\067\147\054\117\060\213\241\221\317\000\040\000E\000s\000t\000i\000m\000a\000t\000o\000r\000s\000\040\000o\000f\000\040\000N\000o\000r\000m\000a\000l\000\040\000R\000a\000n\000d\000o\000m\000\040\000S\000a\000m\000p\000l\000e}{chapter.4}% 54
\BOOKMARK [2][-]{subsection.4.5.1}{\376\377\131\047\145\160\133\232\137\213\000\050\000L\000a\000w\000\040\000o\000f\000\040\000L\000a\000r\000g\000e\000\040\000N\000u\000m\000b\000e\000r\000s\000,\000\040\000L\000L\000N\000\051}{section.4.5}% 55
\BOOKMARK [2][-]{subsection.4.5.2}{\376\377\116\055\137\303\147\201\226\120\133\232\164\006\000\050\000C\000e\000n\000t\000r\000a\000l\000\040\000L\000i\000m\000i\000t\000\040\000T\000h\000e\000o\000r\000e\000m\000,\000\040\000C\000L\000T\000\051}{section.4.5}% 56
\BOOKMARK [2][-]{subsection.4.5.3}{\376\377\000G\000l\000i\000v\000e\000n\000k\000o\000-\000C\000a\000n\000t\000e\000l\000l\000i\133\232\164\006\000\050\000G\000l\000i\000v\000e\000n\000k\000o\000-\000C\000a\000n\000t\000e\000l\000l\000i\000\040\000T\000h\000e\000o\000r\000e\000m\000\051}{section.4.5}% 57
\BOOKMARK [0][-]{chapter.5}{\376\377\120\107\213\276\150\300\232\214\000\050\000H\000y\000p\000o\000t\000h\000e\000s\000i\000s\000\040\000T\000e\000s\000t\000\051}{}% 58
\BOOKMARK [1][-]{subsection.5.0.1}{\376\377\146\076\204\127\140\047\154\064\136\163\000\050\000S\000i\000g\000n\000i\000f\000i\000c\000a\000n\000c\000e\000\040\000L\000e\000v\000e\000l\000\051}{chapter.5}% 59
\BOOKMARK [2][-]{subsection.5.0.2}{\376\377\137\003\167\037\225\031\213\357\000\050\000T\000y\000p\000e\000\040\000I\000\040\000E\000r\000r\000o\000r\000\051\116\016\123\326\117\052\225\031\213\357\000\050\000T\000y\000p\000e\000\040\000I\000I\000\040\000E\000r\000r\000o\000r\000\051}{subsection.5.0.1}% 60
\BOOKMARK [2][-]{subsection.5.0.3}{\376\377\150\067\147\054\131\047\134\017\000\050\000S\000a\000m\000p\000l\000e\000\040\000S\000i\000z\000e\000\051}{subsection.5.0.1}% 61
\BOOKMARK [2][-]{subsection.5.0.4}{\376\377\000p\000-\000v\000a\000l\000u\000e}{subsection.5.0.1}% 62
\BOOKMARK [2][-]{subsection.5.0.5}{\376\377\150\300\232\214\176\337\213\241\221\317\000\050\000T\000e\000s\000t\000\040\000S\000t\000a\000t\000i\000s\000t\000i\000c\000,\000\040\000Z\000\051}{subsection.5.0.1}% 63
\BOOKMARK [2][-]{subsection.5.0.6}{\376\377\150\007\121\306\213\357\135\356\000\050\000S\000t\000a\000n\000d\000a\000r\000d\000\040\000E\000r\000r\000o\000r\000,\000\040\000S\000E\000\051}{subsection.5.0.1}% 64
\BOOKMARK [2][-]{subsection.5.0.7}{\376\377\177\156\117\341\154\064\136\163\000\050\000C\000o\000n\000f\000i\000d\000e\000n\000c\000e\000\040\000L\000e\000v\000e\000l\000\051\124\214\177\156\117\341\123\072\225\364\000\050\000C\000o\000n\000f\000i\000d\000e\000n\000c\000e\000\040\000I\000n\000t\000e\000r\000v\000a\000l\000,\000C\000I\000\051}{subsection.5.0.1}% 65
\BOOKMARK [2][-]{subsection.5.0.8}{\376\377\164\006\211\343\146\076\204\127\140\047\154\064\136\163\124\214\177\156\117\341\154\064\136\163\166\204\123\072\122\053}{subsection.5.0.1}% 66
\BOOKMARK [2][-]{subsection.5.0.9}{\376\377\210\145\121\105\133\232\116\111}{subsection.5.0.1}% 67
\BOOKMARK [2][-]{subsection.5.0.10}{\376\377\153\143\145\207\213\301\146\016}{subsection.5.0.1}% 68
